<?xml version="1.0" encoding="UTF-8"?>
<!-- Generated by org.testng.reporters.JUnitXMLReporter -->
<testsuite ignored="3" hostname="DESKTOP-55C00D3" failures="0" tests="1" name="Api" time="0.003" errors="0" timestamp="2021-09-20T12:39:37 IST">
  <testcase classname="com.cg.TestNg_Tutorial.Day_3" name="apilogin" time="0.0"/>
  <testcase classname="com.cg.TestNg_Tutorial.Day_3" name="apiservice" time="0.0">
    <ignored/>
  </testcase> <!-- apiservice -->
  <testcase classname="com.cg.TestNg_Tutorial.Day_3" name="apicustomerdetails" time="0.0">
    <ignored/>
  </testcase> <!-- apicustomerdetails -->
  <testcase classname="com.cg.TestNg_Tutorial.Day_3" name="apidashboard" time="0.0">
    <ignored/>
  </testcase> <!-- apidashboard -->
</testsuite> <!-- Api -->
