<?xml version="1.0" encoding="UTF-8"?>
<!-- Generated by org.testng.reporters.JUnitXMLReporter -->
<testsuite ignored="3" hostname="DESKTOP-55C00D3" failures="0" tests="1" name="MobileLoan" time="0.003" errors="0" timestamp="2021-09-20T12:39:37 IST">
  <testcase classname="com.cg.TestNg_Tutorial.Day_2" name="personalLoanMobilelogin" time="0.001"/>
  <testcase classname="com.cg.TestNg_Tutorial.Day_2" name="personalLoanMobileCustomerdetails" time="0.0">
    <ignored/>
  </testcase> <!-- personalLoanMobileCustomerdetails -->
  <testcase classname="com.cg.TestNg_Tutorial.Day_2" name="personalLoanMobiledashboard" time="0.0">
    <ignored/>
  </testcase> <!-- personalLoanMobiledashboard -->
  <testcase classname="com.cg.TestNg_Tutorial.Day_2" name="personalLoanMobileservicen" time="0.0">
    <ignored/>
  </testcase> <!-- personalLoanMobileservicen -->
</testsuite> <!-- MobileLoan -->
