<?xml version="1.0" encoding="UTF-8"?>
<!-- Generated by org.testng.reporters.JUnitXMLReporter -->
<testsuite ignored="0" hostname="DESKTOP-55C00D3" failures="0" tests="10" name="Test" time="2.062" errors="0" timestamp="2022-02-10T18:33:39 IST">
  <testcase classname="com.cg.TestNg_Tutorial.Parallel_Execution" name="getOne" time="0.009"/>
  <testcase classname="com.cg.TestNg_Tutorial.Parallel_Execution" name="getOne" time="0.006"/>
  <testcase classname="com.cg.TestNg_Tutorial.Parallel_Execution" name="getOne" time="0.01"/>
  <testcase classname="com.cg.TestNg_Tutorial.Parallel_Execution" name="getOne" time="0.01"/>
  <testcase classname="com.cg.TestNg_Tutorial.Parallel_Execution" name="getOne" time="0.011"/>
  <testcase classname="com.cg.TestNg_Tutorial.Parallel_Execution" name="getOne" time="0.013"/>
  <testcase classname="com.cg.TestNg_Tutorial.Parallel_Execution" name="d" time="2.008"/>
  <testcase classname="com.cg.TestNg_Tutorial.Parallel_Execution" name="a" time="2.008"/>
  <testcase classname="com.cg.TestNg_Tutorial.Parallel_Execution" name="c" time="2.009"/>
  <testcase classname="com.cg.TestNg_Tutorial.Parallel_Execution" name="b" time="2.015"/>
</testsuite> <!-- Test -->
