<?xml version="1.0" encoding="UTF-8"?>
<!-- Generated by org.testng.reporters.JUnitXMLReporter -->
<testsuite ignored="3" hostname="DESKTOP-55C00D3" failures="0" tests="1" name="webLoan" time="0.043" errors="0" timestamp="2021-09-20T12:39:37 IST">
  <testcase classname="com.cg.TestNg_Tutorial.Day_1" name="personalLoanwebcustomerdetails" time="0.009"/>
  <testcase classname="com.cg.TestNg_Tutorial.Day_1" name="personalLoanweblogin" time="0.0">
    <ignored/>
  </testcase> <!-- personalLoanweblogin -->
  <testcase classname="com.cg.TestNg_Tutorial.Day_1" name="personalLoanwebservice" time="0.0">
    <ignored/>
  </testcase> <!-- personalLoanwebservice -->
  <testcase classname="com.cg.TestNg_Tutorial.Day_1" name="personalLoanwebdashboard" time="0.0">
    <ignored/>
  </testcase> <!-- personalLoanwebdashboard -->
</testsuite> <!-- webLoan -->
