<?xml version="1.0" encoding="UTF-8"?>
<!-- Generated by org.testng.reporters.JUnitXMLReporter -->
<testsuite ignored="2" hostname="DESKTOP-55C00D3" failures="2" tests="4" name="Test(failed)" time="0.059" errors="0" timestamp="2021-10-04T10:45:55 IST">
  <testcase classname="com.cg.listener_for_all_tetscases.TC_001" name="login1Skip" time="0.008">
    <skipped/>
  </testcase> <!-- login1Skip -->
  <testcase classname="com.cg.listener_for_all_tetscases.TC_001" name="login1Fail" time="0.006">
    <failure type="java.lang.AssertionError">
      <![CDATA[java.lang.AssertionError
at org.junit.Assert.fail(Assert.java:86)
at org.junit.Assert.assertTrue(Assert.java:41)
at org.junit.Assert.assertTrue(Assert.java:52)
at com.cg.listener_for_all_tetscases.TC_001.login1Fail(TC_001.java:17)
at java.base/java.util.ArrayList.forEach(ArrayList.java:1511)
... Removed 27 stack frames]]>
    </failure>
  </testcase> <!-- login1Fail -->
  <testcase classname="com.cg.listener_for_all_tetscases.TC_002" name="login2Fail" time="0.002">
    <failure type="java.lang.AssertionError">
      <![CDATA[java.lang.AssertionError
at org.junit.Assert.fail(Assert.java:86)
at org.junit.Assert.assertTrue(Assert.java:41)
at org.junit.Assert.assertTrue(Assert.java:52)
at com.cg.listener_for_all_tetscases.TC_002.login2Fail(TC_002.java:17)
at java.base/java.util.ArrayList.forEach(ArrayList.java:1511)
... Removed 27 stack frames]]>
    </failure>
  </testcase> <!-- login2Fail -->
  <testcase classname="com.cg.listener_for_all_tetscases.TC_002" name="login2Skip" time="0.002">
    <skipped/>
  </testcase> <!-- login2Skip -->
  <testcase classname="com.cg.listener_for_all_tetscases.TC_001" name="login1Pass" time="0.0">
    <ignored/>
  </testcase> <!-- login1Pass -->
  <testcase classname="com.cg.listener_for_all_tetscases.TC_002" name="login2Pass" time="0.0">
    <ignored/>
  </testcase> <!-- login2Pass -->
</testsuite> <!-- Test(failed) -->
