<?xml version="1.0" encoding="UTF-8"?>
<testng-results ignored="0" total="10" passed="10" failed="0" skipped="0">
  <reporter-output>
  </reporter-output>
  <suite started-at="2022-02-10T18:33:37 IST" name="Suite" finished-at="2022-02-10T18:33:39 IST" duration-ms="2062">
    <groups>
    </groups>
    <test started-at="2022-02-10T18:33:37 IST" name="Test" finished-at="2022-02-10T18:33:39 IST" duration-ms="2062">
      <class name="com.cg.TestNg_Tutorial.Parallel_Execution">
        <test-method signature="a()[pri:0, instance:com.cg.TestNg_Tutorial.Parallel_Execution@3eb7fc54]" started-at="2022-02-10T18:33:37 IST" name="a" finished-at="2022-02-10T18:33:39 IST" duration-ms="2008" status="PASS">
          <reporter-output>
          </reporter-output>
        </test-method> <!-- a -->
        <test-method signature="getOne(java.lang.String)[pri:0, instance:com.cg.TestNg_Tutorial.Parallel_Execution@3eb7fc54]" started-at="2022-02-10T18:33:37 IST" name="getOne" data-provider="data" finished-at="2022-02-10T18:33:37 IST" duration-ms="10" status="PASS">
          <params>
            <param index="0">
              <value>
                <![CDATA[prasad]]>
              </value>
            </param>
          </params>
          <reporter-output>
          </reporter-output>
        </test-method> <!-- getOne -->
        <test-method signature="getOne(java.lang.String)[pri:0, instance:com.cg.TestNg_Tutorial.Parallel_Execution@3eb7fc54]" started-at="2022-02-10T18:33:37 IST" name="getOne" data-provider="data" finished-at="2022-02-10T18:33:37 IST" duration-ms="13" status="PASS">
          <params>
            <param index="0">
              <value>
                <![CDATA[vani]]>
              </value>
            </param>
          </params>
          <reporter-output>
          </reporter-output>
        </test-method> <!-- getOne -->
        <test-method signature="c()[pri:0, instance:com.cg.TestNg_Tutorial.Parallel_Execution@3eb7fc54]" started-at="2022-02-10T18:33:37 IST" name="c" finished-at="2022-02-10T18:33:39 IST" duration-ms="2009" status="PASS">
          <reporter-output>
          </reporter-output>
        </test-method> <!-- c -->
        <test-method signature="d()[pri:0, instance:com.cg.TestNg_Tutorial.Parallel_Execution@3eb7fc54]" started-at="2022-02-10T18:33:37 IST" name="d" finished-at="2022-02-10T18:33:39 IST" duration-ms="2008" status="PASS">
          <reporter-output>
          </reporter-output>
        </test-method> <!-- d -->
        <test-method signature="b()[pri:0, instance:com.cg.TestNg_Tutorial.Parallel_Execution@3eb7fc54]" started-at="2022-02-10T18:33:37 IST" name="b" finished-at="2022-02-10T18:33:39 IST" duration-ms="2015" status="PASS">
          <reporter-output>
          </reporter-output>
        </test-method> <!-- b -->
        <test-method signature="getOne(java.lang.String)[pri:0, instance:com.cg.TestNg_Tutorial.Parallel_Execution@3eb7fc54]" started-at="2022-02-10T18:33:37 IST" name="getOne" data-provider="data" finished-at="2022-02-10T18:33:37 IST" duration-ms="9" status="PASS">
          <params>
            <param index="0">
              <value>
                <![CDATA[deekshitha]]>
              </value>
            </param>
          </params>
          <reporter-output>
          </reporter-output>
        </test-method> <!-- getOne -->
        <test-method signature="getOne(java.lang.String)[pri:0, instance:com.cg.TestNg_Tutorial.Parallel_Execution@3eb7fc54]" started-at="2022-02-10T18:33:37 IST" name="getOne" data-provider="data" finished-at="2022-02-10T18:33:37 IST" duration-ms="6" status="PASS">
          <params>
            <param index="0">
              <value>
                <![CDATA[dharma]]>
              </value>
            </param>
          </params>
          <reporter-output>
          </reporter-output>
        </test-method> <!-- getOne -->
        <test-method signature="getOne(java.lang.String)[pri:0, instance:com.cg.TestNg_Tutorial.Parallel_Execution@3eb7fc54]" started-at="2022-02-10T18:33:37 IST" name="getOne" data-provider="data" finished-at="2022-02-10T18:33:37 IST" duration-ms="10" status="PASS">
          <params>
            <param index="0">
              <value>
                <![CDATA[radha]]>
              </value>
            </param>
          </params>
          <reporter-output>
          </reporter-output>
        </test-method> <!-- getOne -->
        <test-method signature="getOne(java.lang.String)[pri:0, instance:com.cg.TestNg_Tutorial.Parallel_Execution@3eb7fc54]" started-at="2022-02-10T18:33:37 IST" name="getOne" data-provider="data" finished-at="2022-02-10T18:33:37 IST" duration-ms="11" status="PASS">
          <params>
            <param index="0">
              <value>
                <![CDATA[deekshitha]]>
              </value>
            </param>
          </params>
          <reporter-output>
          </reporter-output>
        </test-method> <!-- getOne -->
      </class> <!-- com.cg.TestNg_Tutorial.Parallel_Execution -->
    </test> <!-- Test -->
  </suite> <!-- Suite -->
</testng-results>
